<?xml version="1.0" encoding="UTF-8"?>
<!-- Generated by org.testng.reporters.JUnitReportReporter -->
<testsuite hostname="aswini" failures="0" tests="1" name="MobileScripts.EcommerceTestCases" time="19.222" errors="0" timestamp="2023-10-06T19:51:13 PDT" skipped="0">
  <testcase classname="MobileScripts.EcommerceTestCases" name="fillForm" time="19.222"/>
  <system-out/>
</testsuite> <!-- MobileScripts.EcommerceTestCases -->
