<?xml version="1.0" encoding="UTF-8"?>
<!-- Generated by org.testng.reporters.JUnitReportReporter -->
<testsuite hostname="aswini" failures="0" tests="2" name="MobileScripts.EcommerceErrorValidationTestCases" time="11.420" errors="0" timestamp="2023-10-06T19:51:13 PDT" skipped="0">
  <testcase classname="MobileScripts.EcommerceErrorValidationTestCases" name="fillFormErrorValidation" time="4.713"/>
  <system-out/>
  <testcase classname="MobileScripts.EcommerceErrorValidationTestCases" name="fillFormHappyPath" time="6.707"/>
  <system-out/>
</testsuite> <!-- MobileScripts.EcommerceErrorValidationTestCases -->
