<?xml version="1.0" encoding="UTF-8"?>
<!-- Generated by org.testng.reporters.JUnitReportReporter -->
<testsuite hostname="aswini" failures="0" tests="2" name="MobileScripts.EcommerceErrorValidationTestCases" time="10.470" errors="0" timestamp="2023-09-28T11:29:55 PDT" skipped="0">
  <testcase classname="MobileScripts.EcommerceErrorValidationTestCases" name="fillFormHappyPath" time="6.012"/>
  <system-out/>
  <testcase classname="MobileScripts.EcommerceErrorValidationTestCases" name="fillFormErrorValidation" time="4.458"/>
  <system-out/>
</testsuite> <!-- MobileScripts.EcommerceErrorValidationTestCases -->
