<?xml version="1.0" encoding="UTF-8"?>
<!-- Generated by org.testng.reporters.JUnitReportReporter -->
<testsuite hostname="aswini" failures="0" tests="1" name="MobileScripts.EcommerceTestCases" time="19.566" errors="0" timestamp="2023-09-28T11:29:55 PDT" skipped="0">
  <testcase classname="MobileScripts.EcommerceTestCases" name="fillForm" time="19.566"/>
  <system-out/>
</testsuite> <!-- MobileScripts.EcommerceTestCases -->
